0 info it worked if it ends with ok
1 verbose cli [ '/usr/local/node/bin/node',
1 verbose cli   '/usr/local/node/bin/npm',
1 verbose cli   'run',
1 verbose cli   'nss' ]
2 info using npm@1.4.3
3 info using node@v0.10.26
4 verbose run-script [ 'prenss', 'nss', 'postnss' ]
5 info prenss client-template@0.0.1
6 info nss client-template@0.0.1
7 verbose unsafe-perm in lifecycle true
8 info client-template@0.0.1 Failed to exec nss script
9 error client-template@0.0.1 nss: `npm install;npm run traceur;grunt build;PORT=3000 node app.js;`
9 error Exit status 8
10 error Failed at the client-template@0.0.1 nss script.
10 error This is most likely a problem with the client-template package,
10 error not with npm itself.
10 error Tell the author that this fails on your system:
10 error     npm install;npm run traceur;grunt build;PORT=3000 node app.js;
10 error You can get their info via:
10 error     npm owner ls client-template
10 error There is likely additional logging output above.
11 error System Darwin 12.5.0
12 error command "/usr/local/node/bin/node" "/usr/local/node/bin/npm" "run" "nss"
13 error cwd /Users/aagard/Documents/Code/Weather_Map
14 error node -v v0.10.26
15 error npm -v 1.4.3
16 error code ELIFECYCLE
17 verbose exit [ 1, true ]
